<?xml version="1.0" encoding="UTF-8"?>
<!-- Generated by org.testng.reporters.JUnitReportReporter -->
<testsuite hostname="PhamKhang" failures="0" tests="6" name="SanPhamDaoTest" time="0.125" errors="0" timestamp="2023-08-08T12:52:41 ICT" skipped="0">
  <testcase classname="SanPhamDaoTest" name="TestInsertSuccessfuly" time="0.017"/>
  <testcase classname="SanPhamDaoTest" name="TestInsertFailure" time="0.014"/>
  <testcase classname="SanPhamDaoTest" name="TestGet" time="0.022"/>
  <testcase classname="SanPhamDaoTest" name="TestGetEqua" time="0.017"/>
  <testcase classname="SanPhamDaoTest" name="TestUpdate" time="0.029"/>
  <testcase classname="SanPhamDaoTest" name="TestDelete" time="0.026"/>
</testsuite> <!-- SanPhamDaoTest -->
