<?xml version="1.0" encoding="UTF-8"?>
<!-- Generated by org.testng.reporters.JUnitReportReporter -->
<testsuite hostname="PhamKhang" failures="0" tests="5" name="ComboDaoTest" time="0.154" errors="0" timestamp="2023-08-08T12:52:41 ICT" skipped="0">
  <testcase classname="ComboDaoTest" name="TestInsertSuccessfuly" time="0.022"/>
  <testcase classname="ComboDaoTest" name="TestInsertFalure" time="0.028"/>
  <testcase classname="ComboDaoTest" name="TestGet" time="0.026"/>
  <testcase classname="ComboDaoTest" name="TestUpdate" time="0.042"/>
  <testcase classname="ComboDaoTest" name="TestDelete" time="0.036"/>
</testsuite> <!-- ComboDaoTest -->
