<?xml version="1.0" encoding="UTF-8"?>
<!-- Generated by org.testng.reporters.JUnitReportReporter -->
<testsuite hostname="PhamKhang" failures="0" tests="6" name="KhuyenMaiDaoTest" time="0.155" errors="0" timestamp="2023-08-08T12:52:41 ICT" skipped="0">
  <testcase classname="KhuyenMaiDaoTest" name="TestInsertSuccessfuly" time="0.022"/>
  <testcase classname="KhuyenMaiDaoTest" name="TestInsertFailure" time="0.018"/>
  <testcase classname="KhuyenMaiDaoTest" name="TestGet" time="0.021"/>
  <testcase classname="KhuyenMaiDaoTest" name="TestGetEqua" time="0.019"/>
  <testcase classname="KhuyenMaiDaoTest" name="TestUpdate" time="0.037"/>
  <testcase classname="KhuyenMaiDaoTest" name="TestDelete" time="0.038"/>
</testsuite> <!-- KhuyenMaiDaoTest -->
