<?xml version="1.0" encoding="UTF-8"?>
<!-- Generated by org.testng.reporters.JUnitReportReporter -->
<testsuite hostname="PhamKhang" failures="0" tests="1" name="HoaDonDaoTest" time="0.052" errors="0" timestamp="2023-08-08T12:52:41 ICT" skipped="0">
  <testcase classname="HoaDonDaoTest" name="TestInsert" time="0.052"/>
</testsuite> <!-- HoaDonDaoTest -->
