<?xml version="1.0" encoding="UTF-8"?>
<!-- Generated by org.testng.reporters.JUnitReportReporter -->
<testsuite hostname="PhamKhang" failures="0" tests="7" name="NhanVienDaoTest" time="0.163" errors="0" timestamp="2023-08-08T12:52:41 ICT" skipped="0">
  <testcase classname="NhanVienDaoTest" name="TestInsertSuccessfuly" time="0.017"/>
  <testcase classname="NhanVienDaoTest" name="TestInsertFailure" time="0.016"/>
  <testcase classname="NhanVienDaoTest" name="TestGet" time="0.024"/>
  <testcase classname="NhanVienDaoTest" name="TestGetEqua" time="0.018"/>
  <testcase classname="NhanVienDaoTest" name="TestLogin" time="0.017"/>
  <testcase classname="NhanVienDaoTest" name="TestUpdate" time="0.038"/>
  <testcase classname="NhanVienDaoTest" name="TestDelete" time="0.033"/>
</testsuite> <!-- NhanVienDaoTest -->
