<?xml version="1.0" encoding="UTF-8"?>
<!-- Generated by org.testng.reporters.JUnitReportReporter -->
<testsuite hostname="PhamKhang" failures="0" tests="4" name="BoxDaoTest" time="0.506" errors="0" timestamp="2023-08-08T12:52:41 ICT" skipped="0">
  <testcase classname="BoxDaoTest" name="TestInsert" time="0.340"/>
  <testcase classname="BoxDaoTest" name="TestGet" time="0.053"/>
  <testcase classname="BoxDaoTest" name="TestUpdate" time="0.032"/>
  <testcase classname="BoxDaoTest" name="TestDelete" time="0.081"/>
</testsuite> <!-- BoxDaoTest -->
